[2016-11-02 00:03:10 INFO ] [main] truechain.account.AccountTest - pri key is :d36a9ad8bf2d2052c9f2e32e1950b66d802c977b6b9b4731716e54d6f4c4a24c
[2016-11-02 00:03:10 INFO ] [main] truechain.account.AccountTest - pub key is :03d4f92205eac6bda949c98d3697d09bdefa75510be0b29d40f10633b660b3f282
[2016-11-02 00:03:10 INFO ] [main] truechain.account.AccountTest - pub key not compressed is :04d4f92205eac6bda949c98d3697d09bdefa75510be0b29d40f10633b660b3f282e06062ac781cb710d4d5153a094b8db5af7aa6717bf9771ca4f20c254c3ddd57
[2016-11-02 00:03:10 INFO ] [main] truechain.net.NioClientManager - Server Start on port 0:
[2016-11-02 00:03:22 INFO ] [main] truechain.net.NioClientManager - stoped service
[2016-11-02 00:03:26 INFO ] [main] truechain.account.AccountTest - pri key is :193aa2ef3dc5afda5643f2f0e5b3c6a139e7dd56ef9323f7184fcc9af15039ab
[2016-11-02 00:03:26 INFO ] [main] truechain.account.AccountTest - pub key is :02f5b8bf61ef02d04e402df812956dee09c71971bd2e00c41fdb671e8fceae0df3
[2016-11-02 00:03:26 INFO ] [main] truechain.account.AccountTest - pub key not compressed is :04f5b8bf61ef02d04e402df812956dee09c71971bd2e00c41fdb671e8fceae0df3e2ce0888249d79a7ff0be84e4fd8e6ff037ab4b3bb8e7a39db5541649a273182
[2016-11-02 00:03:26 INFO ] [main] truechain.net.NioClientManager - Server Start on port 0:
[2016-11-02 00:04:26 INFO ] [main] truechain.net.NioClientManager - stoped service
[2016-11-02 00:05:29 INFO ] [main] truechain.account.AccountTest - pri key is :1e5cc54b45b091041cf8fc1a8db44119aa1e0fc1a1ed7374b1745be2ae8d9228
[2016-11-02 00:05:29 INFO ] [main] truechain.account.AccountTest - pub key is :03fab7e6385b8d35b2f1ab8e46b19069a99cefeaf940c8c9073a95bbd0369ef809
[2016-11-02 00:05:29 INFO ] [main] truechain.account.AccountTest - pub key not compressed is :04fab7e6385b8d35b2f1ab8e46b19069a99cefeaf940c8c9073a95bbd0369ef8094c65bf297136e104a247657eca42dd78adc54ab298317a57ef46d69b7ff78845
[2016-11-02 00:05:29 INFO ] [main] truechain.net.NioClientManager - Server Start on port 0:
[2016-11-02 00:05:30 INFO ] [main] truechain.net.NioClientManager - stoped service
[2016-11-02 00:06:08 INFO ] [main] truechain.account.AccountTest - pri key is :9dd9c2773dff83a7cd4f1bc5bf70a44973650e6efb87c948d4d6a27c2637b3da
[2016-11-02 00:06:08 INFO ] [main] truechain.account.AccountTest - pub key is :0271ded5840ade2f1b5a378c03eb66fb84302f46993f7eea2e7bc37ffd71190495
[2016-11-02 00:06:08 INFO ] [main] truechain.account.AccountTest - pub key not compressed is :0471ded5840ade2f1b5a378c03eb66fb84302f46993f7eea2e7bc37ffd71190495446ab55bb98e966804540e951b6c10b30578505d7a212acb9ec99b5ccb9ba0ea
[2016-11-02 00:06:08 INFO ] [main] truechain.net.NioClientManager - Server Start on port 0:
[2016-11-02 00:06:21 INFO ] [main] truechain.net.NioClientManager - stoped service
[2016-11-02 00:06:28 INFO ] [main] truechain.account.AccountTest - pri key is :2d8f0294ef61ba38ac085ff0cb8424a1664795ded5530390f0fe6bf6f4298b7c
[2016-11-02 00:06:28 INFO ] [main] truechain.account.AccountTest - pub key is :03a707c9243a7185a54a2f665577da0b0f912667a9d7a583e3664f6a33d5c72849
[2016-11-02 00:06:28 INFO ] [main] truechain.account.AccountTest - pub key not compressed is :04a707c9243a7185a54a2f665577da0b0f912667a9d7a583e3664f6a33d5c7284995bab7402e512ff2865d751ed8a778f87315217e51bd25dd0ee22433e0c0e485
[2016-11-02 00:06:28 INFO ] [main] truechain.net.NioClientManager - Server Start on port 0:
[2016-11-02 00:06:31 INFO ] [main] truechain.net.NioClientManager - stoped service
[2016-11-02 00:06:34 INFO ] [main] truechain.account.AccountTest - pri key is :0fa1ce15dc65a67c5c2feaa8a45db9b6353d1a5f88e19ca95283ed73f68d81a9
[2016-11-02 00:06:34 INFO ] [main] truechain.account.AccountTest - pub key is :028ddaf4a06174ef6d016f0c7f782d20216559b1737e9312ff4939a84533208fba
[2016-11-02 00:06:34 INFO ] [main] truechain.account.AccountTest - pub key not compressed is :048ddaf4a06174ef6d016f0c7f782d20216559b1737e9312ff4939a84533208fbaa3082b261c5627fecab2d893431fe2443e059ccdd669329ac6fc84c6b2d66742
[2016-11-02 00:06:34 INFO ] [main] truechain.net.NioClientManager - Server Start on port 0:
[2016-11-02 00:09:07 INFO ] [main] truechain.net.NioClientManager - stoped service
[2016-11-02 00:13:31 INFO ] [main] truechain.account.AccountTest - pri key is :b66dbcb00266dfa00d75137224c443fc2a5f2a2ccf905ef476b750ff86add968
[2016-11-02 00:13:31 INFO ] [main] truechain.account.AccountTest - pub key is :026567f1f44a778ac597f96aa07e2ac697bcd54fbfdc91f827abd88616910382d4
[2016-11-02 00:13:31 INFO ] [main] truechain.account.AccountTest - pub key not compressed is :046567f1f44a778ac597f96aa07e2ac697bcd54fbfdc91f827abd88616910382d4a25420d46ab8c4ac4cadf56bb4e3168b8111a2de35d758e817e6a818dabb8374
[2016-11-02 00:13:31 INFO ] [main] truechain.net.NioClientManager - Server Start on port 0:
[2016-11-02 00:13:31 INFO ] [main] truechain.net.NioClientManager - stoped service
[2016-11-02 00:14:35 INFO ] [main] truechain.account.AccountTest - pri key is :8b01fe62393fd28f388674964c805a7c2280b3edd91c62806ded615134ab75ee
[2016-11-02 00:14:35 INFO ] [main] truechain.account.AccountTest - pub key is :032ea240a7a7eb487393a78c76a6a73fefb0eb05007a42d369f2a8339be76761d6
[2016-11-02 00:14:35 INFO ] [main] truechain.account.AccountTest - pub key not compressed is :042ea240a7a7eb487393a78c76a6a73fefb0eb05007a42d369f2a8339be76761d66c1c12c4c037dde09cdb2cf5811b045766e15e244c7a724644e252607f1ca3c3
[2016-11-02 00:14:35 INFO ] [main] truechain.net.NioClientManager - Server Start on port 0:
[2016-11-02 00:14:36 INFO ] [main] truechain.net.NioClientManager - stoped service
[2016-11-02 00:15:39 INFO ] [main] truechain.account.AccountTest - pri key is :8b2931618f909d5fa675584a7bdf87923b5080275b2dde85668a343c1910576f
[2016-11-02 00:15:39 INFO ] [main] truechain.account.AccountTest - pub key is :03d272cefc255998b705849e141d5e250a60c6c727b48ea604180a096a40bec5f1
[2016-11-02 00:15:39 INFO ] [main] truechain.account.AccountTest - pub key not compressed is :04d272cefc255998b705849e141d5e250a60c6c727b48ea604180a096a40bec5f147ac030032f4b6b0ca1f802e08f9952dea7afe4cbb0e494681533fae34c64d23
[2016-11-02 00:15:39 INFO ] [main] truechain.net.NioClientManager - Server Start on port 0:
[2016-11-02 00:15:44 INFO ] [main] truechain.net.NioClientManager - stoped service
[2016-11-02 00:15:48 INFO ] [main] truechain.account.AccountTest - pri key is :c4a43f34fb8e6a97d5c07576e9223ceb758f605aeaadeeb1a13ae077dfccec24
[2016-11-02 00:15:48 INFO ] [main] truechain.account.AccountTest - pub key is :02cfa4097920b357604ecc37cd6c7bc57f8024e9d587d2b117a5d772b71ad3ea81
[2016-11-02 00:15:48 INFO ] [main] truechain.account.AccountTest - pub key not compressed is :04cfa4097920b357604ecc37cd6c7bc57f8024e9d587d2b117a5d772b71ad3ea816916551f8fb8ad0453bb0c0f65afe0d1773c7f27fcec5469ab7c5165e6c6adea
[2016-11-02 00:15:48 INFO ] [main] truechain.net.NioClientManager - Server Start on port 0:
[2016-11-02 00:16:54 INFO ] [main] truechain.net.NioClientManager - stoped service
[2016-11-02 00:17:06 INFO ] [main] truechain.account.AccountTest - pri key is :7ef1c1d06650d882b638f8e1af3554e6c29b95254891fc12c6b7203c05bb2343
[2016-11-02 00:17:06 INFO ] [main] truechain.account.AccountTest - pub key is :02b42cd5373fe6af293551112116e86c50280289c2603d722c8c3f9393480bc34c
[2016-11-02 00:17:06 INFO ] [main] truechain.account.AccountTest - pub key not compressed is :04b42cd5373fe6af293551112116e86c50280289c2603d722c8c3f9393480bc34c12b2ed541a6ca12d2309ef80337ffa9e36a5a1414636f1435d482df5f4ae184e
[2016-11-02 00:17:06 INFO ] [main] truechain.net.NioClientManager - Server Start on port 0:
[2016-11-02 00:18:34 INFO ] [main] truechain.net.NioClientManager - stoped service
[2016-11-02 00:18:37 INFO ] [main] truechain.account.AccountTest - pri key is :ecdc30d79864d534ed7de574c86f904bc19720dada9f70e9a577b2fcd0dea555
[2016-11-02 00:18:37 INFO ] [main] truechain.account.AccountTest - pub key is :02227a00d2bd8f16d4fe27c8f01852b1669856305deb0c28d56afc049e77c8e912
[2016-11-02 00:18:37 INFO ] [main] truechain.account.AccountTest - pub key not compressed is :04227a00d2bd8f16d4fe27c8f01852b1669856305deb0c28d56afc049e77c8e9128b8407e6efbdbb1a4630d540feaebd25f261602162cdf9d31cb72315eaa6b72e
[2016-11-02 00:18:37 INFO ] [main] truechain.net.NioClientManager - Server Start on port 0:
[2016-11-02 00:20:37 INFO ] [main] truechain.net.NioClientManager - stoped service
[2016-11-02 00:20:40 INFO ] [main] truechain.account.AccountTest - pri key is :cdc3876b6ae330680dbceaf58749a481ff0593f8b52078870a460fe5de3baa53
[2016-11-02 00:20:40 INFO ] [main] truechain.account.AccountTest - pub key is :02ecfa3bb74d40902164a131648c328d3a3d2ff69d1f863087e9ef69e6d9bc7470
[2016-11-02 00:20:40 INFO ] [main] truechain.account.AccountTest - pub key not compressed is :04ecfa3bb74d40902164a131648c328d3a3d2ff69d1f863087e9ef69e6d9bc747063e029ab6dd4c18ce419896e80c6e2202a40d1276407d7c1984d9f7cb0a5b3bc
[2016-11-02 00:20:41 INFO ] [main] truechain.net.NioClientManager - Server Start on port 0:
[2016-11-02 00:24:44 INFO ] [main] truechain.net.NioClientManager - stoped service
[2016-11-02 00:24:48 INFO ] [main] truechain.account.AccountTest - pri key is :3c04c367279bf5207196f873dc7d2565f23ba2ea2cddd965441fbca8f4d31116
[2016-11-02 00:24:48 INFO ] [main] truechain.account.AccountTest - pub key is :02d5617ea4f372b4a6249181d20baa2d3d11313a8480693f8b1dd90f5e2acfecbf
[2016-11-02 00:24:48 INFO ] [main] truechain.account.AccountTest - pub key not compressed is :04d5617ea4f372b4a6249181d20baa2d3d11313a8480693f8b1dd90f5e2acfecbf2ab5cf42d47b919650d773a532389a3af177e1b23d8bdc31ff7aa76dc572edd4
[2016-11-02 00:24:48 INFO ] [main] truechain.net.NioClientManager - Server Start on port 0:
[2016-11-02 00:28:38 INFO ] [main] truechain.net.NioClientManager - stoped service
[2016-11-02 00:28:43 INFO ] [main] truechain.account.AccountTest - pri key is :b76b653bd5f4a5b58cdb89c01d650951cd6680edc6107a5cd6fa239dea154983
[2016-11-02 00:28:43 INFO ] [main] truechain.account.AccountTest - pub key is :02bc0e0fb2eee4aa4e58f63250dade17275b8d844fab41590ba343f4932cefb4cc
[2016-11-02 00:28:43 INFO ] [main] truechain.account.AccountTest - pub key not compressed is :04bc0e0fb2eee4aa4e58f63250dade17275b8d844fab41590ba343f4932cefb4cc908e01966334317cb2231c8eb701d3d2638825aa375dfad5c5bca555f71a42ca
[2016-11-02 00:28:43 INFO ] [main] truechain.net.NioClientManager - Server Start on port 0:
[2016-11-02 00:28:44 INFO ] [main] truechain.net.NioClientManager - stoped service
