[2016-11-02 16:43:46 INFO ] [main] truechain.net.NioClientManager - Server Start on port 8888:
[2016-11-02 16:43:47 WARN ] [pool-2-thread-1] truechain.net.NioClientManager - Failed to connect with exception: Connection refused: no further information: {}
java.net.ConnectException: Connection refused: no further information
	at org.truechain.net.NioClientManager.handleKey(NioClientManager.java:129)
	at org.truechain.net.NioClientManager.run(NioClientManager.java:208)
	at java.util.concurrent.Executors$RunnableAdapter.call(Executors.java:511)
	at java.util.concurrent.FutureTask.runAndReset(FutureTask.java:308)
	at java.util.concurrent.ScheduledThreadPoolExecutor$ScheduledFutureTask.access$301(ScheduledThreadPoolExecutor.java:180)
	at java.util.concurrent.ScheduledThreadPoolExecutor$ScheduledFutureTask.run(ScheduledThreadPoolExecutor.java:294)
	at java.util.concurrent.ThreadPoolExecutor.runWorker(ThreadPoolExecutor.java:1142)
	at java.util.concurrent.ThreadPoolExecutor$Worker.run(ThreadPoolExecutor.java:617)
	at java.lang.Thread.run(Thread.java:744)
[2016-11-02 16:43:47 INFO ] [pool-2-thread-1] truechain.core.Peer - connectionClosed
[2016-11-02 16:43:49 INFO ] [main] truechain.kits.AccountKit - tx id : dfa12d868526f4a38f82b91ed1f89ad45e33cb1bec8a054d1f6c49ff63703baa
[2016-11-02 16:43:50 INFO ] [main] truechain.kits.PeerKit - 消息发送失败，没有可广播的节点
[2016-11-02 16:43:50 INFO ] [main] truechain.net.NioClientManager - stoped service
[2016-11-02 16:44:03 INFO ] [main] truechain.net.NioClientManager - Server Start on port 8888:
[2016-11-02 16:44:04 WARN ] [pool-2-thread-1] truechain.net.NioClientManager - Failed to connect with exception: Connection refused: no further information: {}
java.net.ConnectException: Connection refused: no further information
	at org.truechain.net.NioClientManager.handleKey(NioClientManager.java:129)
	at org.truechain.net.NioClientManager.run(NioClientManager.java:208)
	at java.util.concurrent.Executors$RunnableAdapter.call(Executors.java:511)
	at java.util.concurrent.FutureTask.runAndReset(FutureTask.java:308)
	at java.util.concurrent.ScheduledThreadPoolExecutor$ScheduledFutureTask.access$301(ScheduledThreadPoolExecutor.java:180)
	at java.util.concurrent.ScheduledThreadPoolExecutor$ScheduledFutureTask.run(ScheduledThreadPoolExecutor.java:294)
	at java.util.concurrent.ThreadPoolExecutor.runWorker(ThreadPoolExecutor.java:1142)
	at java.util.concurrent.ThreadPoolExecutor$Worker.run(ThreadPoolExecutor.java:617)
	at java.lang.Thread.run(Thread.java:744)
[2016-11-02 16:44:04 INFO ] [pool-2-thread-1] truechain.core.Peer - connectionClosed
[2016-11-02 16:44:06 INFO ] [main] truechain.kits.AccountKit - tx id : 5b8aee44b3e47b74e598fd5f8ce01d38af02b4dd271874d12e0cd9984c5a9122
[2016-11-02 16:44:07 INFO ] [main] truechain.kits.PeerKit - 消息发送失败，没有可广播的节点
[2016-11-02 16:44:07 INFO ] [main] truechain.net.NioClientManager - stoped service
[2016-11-02 16:44:18 INFO ] [main] truechain.net.NioClientManager - Server Start on port 8888:
[2016-11-02 16:44:19 WARN ] [pool-2-thread-1] truechain.net.NioClientManager - Failed to connect with exception: Connection refused: no further information: {}
java.net.ConnectException: Connection refused: no further information
	at org.truechain.net.NioClientManager.handleKey(NioClientManager.java:129)
	at org.truechain.net.NioClientManager.run(NioClientManager.java:208)
	at java.util.concurrent.Executors$RunnableAdapter.call(Executors.java:511)
	at java.util.concurrent.FutureTask.runAndReset(FutureTask.java:308)
	at java.util.concurrent.ScheduledThreadPoolExecutor$ScheduledFutureTask.access$301(ScheduledThreadPoolExecutor.java:180)
	at java.util.concurrent.ScheduledThreadPoolExecutor$ScheduledFutureTask.run(ScheduledThreadPoolExecutor.java:294)
	at java.util.concurrent.ThreadPoolExecutor.runWorker(ThreadPoolExecutor.java:1142)
	at java.util.concurrent.ThreadPoolExecutor$Worker.run(ThreadPoolExecutor.java:617)
	at java.lang.Thread.run(Thread.java:744)
[2016-11-02 16:44:19 INFO ] [pool-2-thread-1] truechain.core.Peer - connectionClosed
[2016-11-02 16:44:20 INFO ] [main] truechain.kits.AccountKit - tx id : 7a23fcc0e977843758ea3c4cc5e6d885bac459344ee533c5c4bae6e21983aa91
[2016-11-02 16:44:21 INFO ] [main] truechain.kits.PeerKit - 消息发送失败，没有可广播的节点
[2016-11-02 16:44:21 INFO ] [main] truechain.net.NioClientManager - stoped service
[2016-11-02 16:44:38 INFO ] [main] truechain.net.NioClientManager - Server Start on port 8888:
[2016-11-02 16:44:39 WARN ] [pool-2-thread-1] truechain.net.NioClientManager - Failed to connect with exception: Connection refused: no further information: {}
java.net.ConnectException: Connection refused: no further information
	at org.truechain.net.NioClientManager.handleKey(NioClientManager.java:129)
	at org.truechain.net.NioClientManager.run(NioClientManager.java:208)
	at java.util.concurrent.Executors$RunnableAdapter.call(Executors.java:511)
	at java.util.concurrent.FutureTask.runAndReset(FutureTask.java:308)
	at java.util.concurrent.ScheduledThreadPoolExecutor$ScheduledFutureTask.access$301(ScheduledThreadPoolExecutor.java:180)
	at java.util.concurrent.ScheduledThreadPoolExecutor$ScheduledFutureTask.run(ScheduledThreadPoolExecutor.java:294)
	at java.util.concurrent.ThreadPoolExecutor.runWorker(ThreadPoolExecutor.java:1142)
	at java.util.concurrent.ThreadPoolExecutor$Worker.run(ThreadPoolExecutor.java:617)
	at java.lang.Thread.run(Thread.java:744)
[2016-11-02 16:44:39 INFO ] [pool-2-thread-1] truechain.core.Peer - connectionClosed
[2016-11-02 16:44:40 INFO ] [main] truechain.net.NioClientManager - stoped service
[2016-11-02 16:45:55 INFO ] [main] truechain.net.NioClientManager - Server Start on port 8888:
[2016-11-02 16:45:56 WARN ] [pool-2-thread-1] truechain.net.NioClientManager - Failed to connect with exception: Connection refused: no further information: {}
java.net.ConnectException: Connection refused: no further information
	at org.truechain.net.NioClientManager.handleKey(NioClientManager.java:129)
	at org.truechain.net.NioClientManager.run(NioClientManager.java:208)
	at java.util.concurrent.Executors$RunnableAdapter.call(Executors.java:511)
	at java.util.concurrent.FutureTask.runAndReset(FutureTask.java:308)
	at java.util.concurrent.ScheduledThreadPoolExecutor$ScheduledFutureTask.access$301(ScheduledThreadPoolExecutor.java:180)
	at java.util.concurrent.ScheduledThreadPoolExecutor$ScheduledFutureTask.run(ScheduledThreadPoolExecutor.java:294)
	at java.util.concurrent.ThreadPoolExecutor.runWorker(ThreadPoolExecutor.java:1142)
	at java.util.concurrent.ThreadPoolExecutor$Worker.run(ThreadPoolExecutor.java:617)
	at java.lang.Thread.run(Thread.java:744)
[2016-11-02 16:45:56 INFO ] [pool-2-thread-1] truechain.core.Peer - connectionClosed
[2016-11-02 16:45:57 INFO ] [main] truechain.net.NioClientManager - stoped service
[2016-11-02 16:47:35 INFO ] [main] truechain.net.NioClientManager - Server Start on port 8888:
[2016-11-02 16:47:36 WARN ] [pool-2-thread-1] truechain.net.NioClientManager - Failed to connect with exception: Connection refused: no further information: {}
java.net.ConnectException: Connection refused: no further information
	at org.truechain.net.NioClientManager.handleKey(NioClientManager.java:129)
	at org.truechain.net.NioClientManager.run(NioClientManager.java:208)
	at java.util.concurrent.Executors$RunnableAdapter.call(Executors.java:511)
	at java.util.concurrent.FutureTask.runAndReset(FutureTask.java:308)
	at java.util.concurrent.ScheduledThreadPoolExecutor$ScheduledFutureTask.access$301(ScheduledThreadPoolExecutor.java:180)
	at java.util.concurrent.ScheduledThreadPoolExecutor$ScheduledFutureTask.run(ScheduledThreadPoolExecutor.java:294)
	at java.util.concurrent.ThreadPoolExecutor.runWorker(ThreadPoolExecutor.java:1142)
	at java.util.concurrent.ThreadPoolExecutor$Worker.run(ThreadPoolExecutor.java:617)
	at java.lang.Thread.run(Thread.java:744)
[2016-11-02 16:47:36 INFO ] [pool-2-thread-1] truechain.core.Peer - connectionClosed
[2016-11-02 16:47:37 INFO ] [main] truechain.net.NioClientManager - stoped service
[2016-11-02 16:55:23 INFO ] [main] truechain.net.NioClientManager - Server Start on port 8888:
[2016-11-02 16:55:24 WARN ] [pool-2-thread-1] truechain.net.NioClientManager - Failed to connect with exception: Connection refused: no further information: {}
java.net.ConnectException: Connection refused: no further information
	at org.truechain.net.NioClientManager.handleKey(NioClientManager.java:129)
	at org.truechain.net.NioClientManager.run(NioClientManager.java:208)
	at java.util.concurrent.Executors$RunnableAdapter.call(Executors.java:511)
	at java.util.concurrent.FutureTask.runAndReset(FutureTask.java:308)
	at java.util.concurrent.ScheduledThreadPoolExecutor$ScheduledFutureTask.access$301(ScheduledThreadPoolExecutor.java:180)
	at java.util.concurrent.ScheduledThreadPoolExecutor$ScheduledFutureTask.run(ScheduledThreadPoolExecutor.java:294)
	at java.util.concurrent.ThreadPoolExecutor.runWorker(ThreadPoolExecutor.java:1142)
	at java.util.concurrent.ThreadPoolExecutor$Worker.run(ThreadPoolExecutor.java:617)
	at java.lang.Thread.run(Thread.java:744)
[2016-11-02 16:55:24 INFO ] [pool-2-thread-1] truechain.core.Peer - connectionClosed
[2016-11-02 16:55:26 INFO ] [main] truechain.net.NioClientManager - stoped service
[2016-11-02 16:56:09 INFO ] [main] truechain.net.NioClientManager - Server Start on port 8888:
[2016-11-02 16:56:10 WARN ] [pool-2-thread-1] truechain.net.NioClientManager - Failed to connect with exception: Connection refused: no further information: {}
java.net.ConnectException: Connection refused: no further information
	at org.truechain.net.NioClientManager.handleKey(NioClientManager.java:129)
	at org.truechain.net.NioClientManager.run(NioClientManager.java:208)
	at java.util.concurrent.Executors$RunnableAdapter.call(Executors.java:511)
	at java.util.concurrent.FutureTask.runAndReset(FutureTask.java:308)
	at java.util.concurrent.ScheduledThreadPoolExecutor$ScheduledFutureTask.access$301(ScheduledThreadPoolExecutor.java:180)
	at java.util.concurrent.ScheduledThreadPoolExecutor$ScheduledFutureTask.run(ScheduledThreadPoolExecutor.java:294)
	at java.util.concurrent.ThreadPoolExecutor.runWorker(ThreadPoolExecutor.java:1142)
	at java.util.concurrent.ThreadPoolExecutor$Worker.run(ThreadPoolExecutor.java:617)
	at java.lang.Thread.run(Thread.java:744)
[2016-11-02 16:56:10 INFO ] [pool-2-thread-1] truechain.core.Peer - connectionClosed
[2016-11-02 16:56:11 INFO ] [main] truechain.net.NioClientManager - stoped service
[2016-11-02 16:57:47 INFO ] [main] truechain.net.NioClientManager - Server Start on port 8888:
[2016-11-02 16:57:48 WARN ] [pool-2-thread-1] truechain.net.NioClientManager - Failed to connect with exception: Connection refused: no further information: {}
java.net.ConnectException: Connection refused: no further information
	at org.truechain.net.NioClientManager.handleKey(NioClientManager.java:129)
	at org.truechain.net.NioClientManager.run(NioClientManager.java:208)
	at java.util.concurrent.Executors$RunnableAdapter.call(Executors.java:511)
	at java.util.concurrent.FutureTask.runAndReset(FutureTask.java:308)
	at java.util.concurrent.ScheduledThreadPoolExecutor$ScheduledFutureTask.access$301(ScheduledThreadPoolExecutor.java:180)
	at java.util.concurrent.ScheduledThreadPoolExecutor$ScheduledFutureTask.run(ScheduledThreadPoolExecutor.java:294)
	at java.util.concurrent.ThreadPoolExecutor.runWorker(ThreadPoolExecutor.java:1142)
	at java.util.concurrent.ThreadPoolExecutor$Worker.run(ThreadPoolExecutor.java:617)
	at java.lang.Thread.run(Thread.java:744)
[2016-11-02 16:57:48 INFO ] [pool-2-thread-1] truechain.core.Peer - connectionClosed
[2016-11-02 16:57:50 INFO ] [main] truechain.net.NioClientManager - stoped service
[2016-11-02 16:58:20 INFO ] [main] truechain.net.NioClientManager - Server Start on port 8888:
[2016-11-02 16:58:21 WARN ] [pool-2-thread-1] truechain.net.NioClientManager - Failed to connect with exception: Connection refused: no further information: {}
java.net.ConnectException: Connection refused: no further information
	at org.truechain.net.NioClientManager.handleKey(NioClientManager.java:129)
	at org.truechain.net.NioClientManager.run(NioClientManager.java:208)
	at java.util.concurrent.Executors$RunnableAdapter.call(Executors.java:511)
	at java.util.concurrent.FutureTask.runAndReset(FutureTask.java:308)
	at java.util.concurrent.ScheduledThreadPoolExecutor$ScheduledFutureTask.access$301(ScheduledThreadPoolExecutor.java:180)
	at java.util.concurrent.ScheduledThreadPoolExecutor$ScheduledFutureTask.run(ScheduledThreadPoolExecutor.java:294)
	at java.util.concurrent.ThreadPoolExecutor.runWorker(ThreadPoolExecutor.java:1142)
	at java.util.concurrent.ThreadPoolExecutor$Worker.run(ThreadPoolExecutor.java:617)
	at java.lang.Thread.run(Thread.java:744)
[2016-11-02 16:58:21 INFO ] [pool-2-thread-1] truechain.core.Peer - connectionClosed
[2016-11-02 16:58:23 INFO ] [main] truechain.net.NioClientManager - stoped service
[2016-11-02 16:58:53 INFO ] [main] truechain.net.NioClientManager - Server Start on port 8888:
[2016-11-02 16:58:54 WARN ] [pool-2-thread-1] truechain.net.NioClientManager - Failed to connect with exception: Connection refused: no further information: {}
java.net.ConnectException: Connection refused: no further information
	at org.truechain.net.NioClientManager.handleKey(NioClientManager.java:129)
	at org.truechain.net.NioClientManager.run(NioClientManager.java:208)
	at java.util.concurrent.Executors$RunnableAdapter.call(Executors.java:511)
	at java.util.concurrent.FutureTask.runAndReset(FutureTask.java:308)
	at java.util.concurrent.ScheduledThreadPoolExecutor$ScheduledFutureTask.access$301(ScheduledThreadPoolExecutor.java:180)
	at java.util.concurrent.ScheduledThreadPoolExecutor$ScheduledFutureTask.run(ScheduledThreadPoolExecutor.java:294)
	at java.util.concurrent.ThreadPoolExecutor.runWorker(ThreadPoolExecutor.java:1142)
	at java.util.concurrent.ThreadPoolExecutor$Worker.run(ThreadPoolExecutor.java:617)
	at java.lang.Thread.run(Thread.java:744)
[2016-11-02 16:58:54 INFO ] [pool-2-thread-1] truechain.core.Peer - connectionClosed
[2016-11-02 16:58:55 INFO ] [main] truechain.net.NioClientManager - stoped service
[2016-11-02 17:05:25 INFO ] [main] truechain.net.NioClientManager - Server Start on port 8888:
[2016-11-02 17:05:26 WARN ] [pool-2-thread-1] truechain.net.NioClientManager - Failed to connect with exception: Connection refused: no further information: {}
java.net.ConnectException: Connection refused: no further information
	at org.truechain.net.NioClientManager.handleKey(NioClientManager.java:129)
	at org.truechain.net.NioClientManager.run(NioClientManager.java:208)
	at java.util.concurrent.Executors$RunnableAdapter.call(Executors.java:511)
	at java.util.concurrent.FutureTask.runAndReset(FutureTask.java:308)
	at java.util.concurrent.ScheduledThreadPoolExecutor$ScheduledFutureTask.access$301(ScheduledThreadPoolExecutor.java:180)
	at java.util.concurrent.ScheduledThreadPoolExecutor$ScheduledFutureTask.run(ScheduledThreadPoolExecutor.java:294)
	at java.util.concurrent.ThreadPoolExecutor.runWorker(ThreadPoolExecutor.java:1142)
	at java.util.concurrent.ThreadPoolExecutor$Worker.run(ThreadPoolExecutor.java:617)
	at java.lang.Thread.run(Thread.java:744)
[2016-11-02 17:05:26 INFO ] [pool-2-thread-1] truechain.core.Peer - connectionClosed
[2016-11-02 17:05:28 INFO ] [main] truechain.net.NioClientManager - stoped service
[2016-11-02 19:13:40 INFO ] [main] truechain.net.NioClientManager - Server Start on port 8888:
[2016-11-02 19:13:41 WARN ] [pool-2-thread-1] truechain.net.NioClientManager - Failed to connect with exception: Connection refused: no further information: {}
java.net.ConnectException: Connection refused: no further information
	at org.truechain.net.NioClientManager.handleKey(NioClientManager.java:129)
	at org.truechain.net.NioClientManager.run(NioClientManager.java:208)
	at java.util.concurrent.Executors$RunnableAdapter.call(Executors.java:511)
	at java.util.concurrent.FutureTask.runAndReset(FutureTask.java:308)
	at java.util.concurrent.ScheduledThreadPoolExecutor$ScheduledFutureTask.access$301(ScheduledThreadPoolExecutor.java:180)
	at java.util.concurrent.ScheduledThreadPoolExecutor$ScheduledFutureTask.run(ScheduledThreadPoolExecutor.java:294)
	at java.util.concurrent.ThreadPoolExecutor.runWorker(ThreadPoolExecutor.java:1142)
	at java.util.concurrent.ThreadPoolExecutor$Worker.run(ThreadPoolExecutor.java:617)
	at java.lang.Thread.run(Thread.java:744)
[2016-11-02 19:13:41 INFO ] [pool-2-thread-1] truechain.core.Peer - connectionClosed
[2016-11-02 19:13:43 INFO ] [main] truechain.net.NioClientManager - stoped service
